<testsuite failures="0" name="src/test/java/features/postBodyInExternalFile.feature" skipped="0" tests="1" time="4.628676">
  <testcase classname="src.test.java.features.postBodyInExternalFile" name="A post request using tables" time="4.628676">
    <system-out>* def URL = 'https://gorest.co.in/' ....................................... passed
* def PATH = 'public-api/users/' .......................................... passed
* def filepath = '../resources/inputFile.json' ............................ passed
Given url URL ............................................................. passed
And path PATH ............................................................. passed
And header Authorization = 'Bearer ce8cd7b94a069f5ac4e7fcc48c946353926a69c47b4b7126db66d31791335787' . passed
And table t1 .............................................................. passed
And request t1[1] ......................................................... passed
When method POST .......................................................... passed
Then status 200 ........................................................... passed
And print response ........................................................ passed
And match response.code == 201 ............................................ passed</system-out>
  </testcase>
</testsuite>
