<testsuite failures="0" name="src/test/java/features/getUserDetails.feature" skipped="0" tests="1" time="3.069532">
  <testcase classname="src.test.java.features.getUserDetails" name="Get a specific user details" time="3.069532">
    <system-out>* def URL = 'https://gorest.co.in' ........................................ passed
* def PATH = '/public-api/users/' ......................................... passed
* def id = '13' ........................................................... passed
* def emailId = 'arora_i_varalakshmi@abernathy-ledner.org' ................ passed
Given url URL ............................................................. passed
And path PATH+id .......................................................... passed
When method GET ........................................................... passed
Then status 200 ........................................................... passed
And print response ........................................................ passed
And match response.data.email == emailId .................................. passed
And match response.data.name contains 'Arora' ............................. passed</system-out>
  </testcase>
</testsuite>
